<?xml version="1.0" encoding="UTF-8"?>
<testsuite xmlns:xsi="http://www.w3.org/2001/XMLSchema-instance" xsi:noNamespaceSchemaLocation="https://maven.apache.org/surefire/maven-surefire-plugin/xsd/surefire-test-report.xsd" name="com.nowcoder.mavendemol.AppTest" time="0.086" tests="1" errors="0" skipped="0" failures="0">
  <properties>
    <property name="java.specification.version" value="14"/>
    <property name="sun.cpu.isalist" value="amd64"/>
    <property name="sun.jnu.encoding" value="GBK"/>
    <property name="java.class.path" value="d:\work\workspace\mavendemol\target\test-classes;d:\work\workspace\mavendemol\target\classes;C:\Users\YueHuoTianXing\.m2\repository\junit\junit\4.11\junit-4.11.jar;C:\Users\YueHuoTianXing\.m2\repository\org\hamcrest\hamcrest-core\1.3\hamcrest-core-1.3.jar;"/>
    <property name="java.vm.vendor" value="Oracle Corporation"/>
    <property name="sun.arch.data.model" value="64"/>
    <property name="user.variant" value=""/>
    <property name="java.vendor.url" value="https://java.oracle.com/"/>
    <property name="user.timezone" value="Asia/Shanghai"/>
    <property name="os.name" value="Windows 10"/>
    <property name="java.vm.specification.version" value="14"/>
    <property name="sun.java.launcher" value="SUN_STANDARD"/>
    <property name="user.country" value="CN"/>
    <property name="sun.boot.library.path" value="D:\app\jave\bin"/>
    <property name="sun.java.command" value="D:\abcdefghij\surefire14552703641394114351\surefirebooter16943129348101151518.jar D:\abcdefghij\surefire14552703641394114351 2022-04-22T14-58-11_820-jvmRun1 surefire10449030525382573032tmp surefire_016154250151234760587tmp"/>
    <property name="jdk.debug" value="release"/>
    <property name="surefire.test.class.path" value="d:\work\workspace\mavendemol\target\test-classes;d:\work\workspace\mavendemol\target\classes;C:\Users\YueHuoTianXing\.m2\repository\junit\junit\4.11\junit-4.11.jar;C:\Users\YueHuoTianXing\.m2\repository\org\hamcrest\hamcrest-core\1.3\hamcrest-core-1.3.jar;"/>
    <property name="sun.cpu.endian" value="little"/>
    <property name="user.home" value="C:\Users\YueHuoTianXing"/>
    <property name="user.language" value="zh"/>
    <property name="java.specification.vendor" value="Oracle Corporation"/>
    <property name="java.version.date" value="2020-07-14"/>
    <property name="java.home" value="D:\app\jave"/>
    <property name="file.separator" value="\"/>
    <property name="basedir" value="d:\work\workspace\mavendemol"/>
    <property name="java.vm.compressedOopsMode" value="32-bit"/>
    <property name="line.separator" value="&#10;"/>
    <property name="java.vm.specification.vendor" value="Oracle Corporation"/>
    <property name="java.specification.name" value="Java Platform API Specification"/>
    <property name="surefire.real.class.path" value="D:\abcdefghij\surefire14552703641394114351\surefirebooter16943129348101151518.jar"/>
    <property name="user.script" value=""/>
    <property name="sun.management.compiler" value="HotSpot 64-Bit Tiered Compilers"/>
    <property name="java.runtime.version" value="14.0.2+12-46"/>
    <property name="user.name" value="月火天兴"/>
    <property name="path.separator" value=";"/>
    <property name="os.version" value="10.0"/>
    <property name="java.runtime.name" value="Java(TM) SE Runtime Environment"/>
    <property name="file.encoding" value="GBK"/>
    <property name="java.vm.name" value="Java HotSpot(TM) 64-Bit Server VM"/>
    <property name="localRepository" value="C:\Users\YueHuoTianXing\.m2\repository"/>
    <property name="java.vendor.url.bug" value="https://bugreport.java.com/bugreport/"/>
    <property name="java.io.tmpdir" value="D:\abcdefghij\"/>
    <property name="java.version" value="14.0.2"/>
    <property name="user.dir" value="d:\work\workspace\mavendemol"/>
    <property name="os.arch" value="amd64"/>
    <property name="java.vm.specification.name" value="Java Virtual Machine Specification"/>
    <property name="sun.os.patch.level" value=""/>
    <property name="java.library.path" value="D:\app\jave\bin;C:\WINDOWS\Sun\Java\bin;C:\WINDOWS\system32;C:\WINDOWS;D:\Linux\Xftp\setupupup\;D:\2012VS\DVP2 M2Sx64\;C:\Program Files\Intel\iCLS Client\;C:\Windows\system32;C:\Windows;C:\Windows\System32\Wbem;C:\Windows\System32\WindowsPowerShell\v1.0\;C:\Program Files\Intel\Intel(R) Management Engine Components\DAL;C:\Program Files\Intel\Intel(R) Management Engine Components\IPT;C:\Program Files\Intel\WiFi\bin\;C:\Program Files\Common Files\Intel\WirelessCommon\;C:\Users\YueHuoTianXing\AppData\Local\Microsoft\WindowsApps;C:\WINDOWS\system32;C:\WINDOWS;C:\WINDOWS\System32\Wbem;C:\WINDOWS\System32\WindowsPowerShell\v1.0\;C:\WINDOWS\System32\OpenSSH\;C:\Program Files\Microsoft SQL Server\110\Tools\Binn\;C:\Program Files\Microsoft\Web Platform Installer\;D:\app\opencv\build\x64\vc11\bin;D:\app\opencv3.0.0rc\opencv\build\x64\vc11\bin;D:\app\opencv3.0.0rc\opencv\build\x86\vc11\bin;D:\app\opencv\build\x86\vc11\bin;C:\Program Files\Microsoft SQL Server\120\Tools\Binn\;D:\app\opencv3.1\opencv\build\x64\vc12\bin;D:\app\opencv3.1.0\opencv\build\x64\vc12\bin;C:\Program Files\dotnet\;D:\app\opencv4.0.1\opencv\build\x64\vc15\bin;D:\app\opencv4.0.1\opencv\new\install\x64\vc15\bin;C:\Program Files\Microsoft VS Code\bin;D:\app\jave\bin;C:\Program Files\NVIDIA GPU Computing Toolkit\CUDA\v8.0\bin;C:\Program Files\NVIDIA GPU Computing Toolkit\CUDA\v8.0\lib;C:\Program Files\NVIDIA GPU Computing Toolkit\CUDA\v8.0\lib\x64;C:\Program Files\NVIDIA GPU Computing Toolkit\CUDA\v8.0\libnvvp;C:\Program Files\NVIDIA GPU Computing Toolkit\CUDA\v8.0\include;D:\app\Anaconda3-5.2.0\Scripts;D:\app\git\setup\Git\cmd;C:\WINDOWS\system32;C:\WINDOWS;C:\WINDOWS\System32\Wbem;C:\WINDOWS\System32\WindowsPowerShell\v1.0\;C:\WINDOWS\System32\OpenSSH\;C:\Program Files (x86)\Intel\Intel(R) Management Engine Components\DAL;C:\Program Files (x86)\Intel\Intel(R) Management Engine Components\IPT;C:\Program Files (x86)\NVIDIA Corporation\PhysX\Common;C:\Program Files (x86)\MySQL\MySQL Server 5.5\bin;C:\Program Files (x86)\Yozosoft\Yozo_Office\Lib\xuggler\bin;D:\app\python374\Scripts;D:\app\python374;C:\Users\YueHuoTianXing\AppData\Local\Programs\Python\Python36;C:\Users\YueHuoTianXing\AppData\Local\Programs\Python\Python36\Scripts;C:\Program Files (x86)\Windows Kits\8.1\Windows Performance Toolkit\;C:\Program Files (x86)\Windows Kits\8.0\Windows Performance Toolkit\;C:\Program Files (x86)\Microsoft ASP.NET\ASP.NET Web Pages\v1.0\;C:\Program Files (x86)\Intel\iCLS Client\;C:\Program Files (x86)\Microsoft SDKs\TypeScript\1.0\;D:\app\apache-maven-3.8.5-bin\apache-maven-3.8.5\bin;;D:\app\python374\Scripts;D:\app\python374;C:\Users\YueHuoTianXing\AppData\Local\Programs\Python\Python36\Scripts;C:\Users\YueHuoTianXing\AppData\Local\Programs\Python\Python36;C:\Users\YueHuoTianXing\AppData\Local\Microsoft\WindowsApps;D:\app\ocr\Tesseract-OCR;C:\Program Files\NVIDIA GPU Computing Toolkit\CUDA\v8.0;C:\WINDOWS\System32\Wbem;;."/>
    <property name="java.vm.info" value="mixed mode, sharing"/>
    <property name="java.vendor" value="Oracle Corporation"/>
    <property name="java.vm.version" value="14.0.2+12-46"/>
    <property name="sun.io.unicode.encoding" value="UnicodeLittle"/>
    <property name="java.class.version" value="58.0"/>
  </properties>
  <testcase name="shouldAnswerWithTrue" classname="com.nowcoder.mavendemol.AppTest" time="0.001"/>
</testsuite>